  0.3337529E-01  0.1261243E+02 -0.1261243E+02
  0.6675057E-01  0.8925207E+01 -0.8925207E+01
  0.1001259E+00  0.7386484E+01 -0.7386484E+01
  0.1335011E+00  0.6584020E+01 -0.6584020E+01
  0.1668764E+00  0.6158775E+01 -0.6158775E+01
  0.2001867E+00  0.5959719E+01 -0.5959719E+01
  0.2324211E+00  0.5903933E+01 -0.5903933E+01
  0.2634436E+00  0.5931671E+01 -0.5931671E+01
  0.2935777E+00  0.6001831E+01 -0.6001831E+01
  0.3231595E+00  0.6082594E+01 -0.6082594E+01
  0.3526926E+00  0.6151594E+01 -0.6151593E+01
  0.3827429E+00  0.6192723E+01 -0.6192723E+01
  0.4132462E+00  0.6194827E+01 -0.6194827E+01
  0.4440299E+00  0.6182967E+01 -0.6182968E+01
  0.4748786E+00  0.6180624E+01 -0.6180625E+01
  0.5056970E+00  0.6200467E+01 -0.6200467E+01
  0.5364692E+00  0.6252319E+01 -0.6252319E+01
  0.5671899E+00  0.6371018E+01 -0.6371018E+01
  0.5978803E+00  0.6652919E+01 -0.6652919E+01
  0.6282392E+00  0.7121019E+01 -0.7121018E+01
  0.6582134E+00  0.7625011E+01 -0.7625010E+01
  0.6881880E+00  0.8003789E+01 -0.8003785E+01
  0.7193691E+00  0.8160702E+01 -0.8160703E+01
  0.7509882E+00  0.8225268E+01 -0.8225271E+01
  0.7829304E+00  0.8253558E+01 -0.8253561E+01
  0.8150138E+00  0.8252630E+01 -0.8252632E+01
  0.8472637E+00  0.8238900E+01 -0.8238901E+01
  0.8797331E+00  0.8224043E+01 -0.8224044E+01
  0.9123611E+00  0.8215074E+01 -0.8215075E+01
  0.9449824E+00  0.8216162E+01 -0.8216162E+01
  0.9774900E+00  0.8226421E+01 -0.8226421E+01
  0.1009858E+01  0.8240734E+01 -0.8240734E+01
  0.1042126E+01  0.8252663E+01 -0.8252662E+01
  0.1074355E+01  0.8257222E+01 -0.8257222E+01
  0.1106616E+01  0.8252285E+01 -0.8252285E+01
  0.1138966E+01  0.8238471E+01 -0.8238471E+01
  0.1171433E+01  0.8218252E+01 -0.8218251E+01
  0.1204020E+01  0.8195055E+01 -0.8195054E+01
  0.1236718E+01  0.8172690E+01 -0.8172689E+01
  0.1269511E+01  0.8155046E+01 -0.8155045E+01
  0.1302384E+01  0.8145857E+01 -0.8145856E+01
  0.1335317E+01  0.8148397E+01 -0.8148397E+01
  0.1368293E+01  0.8165067E+01 -0.8165067E+01
  0.1401255E+01  0.8196900E+01 -0.8196901E+01
  0.1434152E+01  0.8243209E+01 -0.8243210E+01
  0.1466986E+01  0.8301585E+01 -0.8301585E+01
  0.1499765E+01  0.8368103E+01 -0.8368103E+01
  0.1532504E+01  0.8437834E+01 -0.8437834E+01
  0.1565225E+01  0.8505589E+01 -0.8505589E+01
  0.1597953E+01  0.8566744E+01 -0.8566744E+01
  0.1630714E+01  0.8617926E+01 -0.8617926E+01
  0.1663525E+01  0.8657378E+01 -0.8657378E+01
  0.1696391E+01  0.8684903E+01 -0.8684903E+01
  0.1729311E+01  0.8701508E+01 -0.8701508E+01
  0.1762286E+01  0.8708874E+01 -0.8708873E+01
  0.1795307E+01  0.8708883E+01 -0.8708882E+01
  0.1828369E+01  0.8703306E+01 -0.8703306E+01
  0.1861465E+01  0.8693670E+01 -0.8693670E+01
  0.1894588E+01  0.8681259E+01 -0.8681259E+01
  0.1927733E+01  0.8667198E+01 -0.8667198E+01
  0.1960896E+01  0.8652544E+01 -0.8652544E+01
  0.1994069E+01  0.8638369E+01 -0.8638369E+01
  0.2027247E+01  0.8625778E+01 -0.8625778E+01
  0.2060421E+01  0.8615884E+01 -0.8615884E+01
  0.2093585E+01  0.8609733E+01 -0.8609733E+01
  0.2126731E+01  0.8608197E+01 -0.8608197E+01
  0.2159852E+01  0.8611867E+01 -0.8611867E+01
  0.2192943E+01  0.8620955E+01 -0.8620955E+01
  0.2226003E+01  0.8635243E+01 -0.8635243E+01
  0.2259032E+01  0.8654072E+01 -0.8654071E+01
  0.2292032E+01  0.8676394E+01 -0.8676394E+01
  0.2325008E+01  0.8700867E+01 -0.8700867E+01
  0.2357970E+01  0.8725987E+01 -0.8725987E+01
  0.2390924E+01  0.8750234E+01 -0.8750234E+01
  0.2423879E+01  0.8772217E+01 -0.8772217E+01
  0.2456844E+01  0.8790799E+01 -0.8790799E+01
  0.2489824E+01  0.8805186E+01 -0.8805186E+01
  0.2522824E+01  0.8814973E+01 -0.8814973E+01
  0.2555848E+01  0.8820149E+01 -0.8820149E+01
  0.2588894E+01  0.8821065E+01 -0.8821065E+01
  0.2621962E+01  0.8818365E+01 -0.8818365E+01
  0.2655049E+01  0.8812906E+01 -0.8812906E+01
  0.2688150E+01  0.8805665E+01 -0.8805665E+01
  0.2721262E+01  0.8797656E+01 -0.8797655E+01
  0.2754379E+01  0.8789846E+01 -0.8789845E+01
  0.2787497E+01  0.8783097E+01 -0.8783097E+01
  0.2820612E+01  0.8778114E+01 -0.8778113E+01
  0.2853720E+01  0.8775408E+01 -0.8775408E+01
  0.2886818E+01  0.8775278E+01 -0.8775278E+01
  0.2919904E+01  0.8777802E+01 -0.8777802E+01
  0.2952977E+01  0.8782849E+01 -0.8782848E+01
  0.2986037E+01  0.8790094E+01 -0.8790094E+01
  0.3019084E+01  0.8799063E+01 -0.8799063E+01
  0.3052121E+01  0.8809174E+01 -0.8809174E+01
  0.3085150E+01  0.8819790E+01 -0.8819790E+01
  0.3118175E+01  0.8830273E+01 -0.8830273E+01
  0.3151199E+01  0.8840035E+01 -0.8840035E+01
  0.3184224E+01  0.8848578E+01 -0.8848578E+01
  0.3217255E+01  0.8855526E+01 -0.8855526E+01
  0.3250292E+01  0.8860640E+01 -0.8860640E+01
  0.3283338E+01  0.8863829E+01 -0.8863829E+01
  0.3316393E+01  0.8865143E+01 -0.8865143E+01
  0.3349458E+01  0.8864761E+01 -0.8864760E+01
  0.3382532E+01  0.8862966E+01 -0.8862966E+01
  0.3415614E+01  0.8860128E+01 -0.8860128E+01
  0.3448701E+01  0.8856663E+01 -0.8856663E+01
  0.3481793E+01  0.8853009E+01 -0.8853009E+01
  0.3514887E+01  0.8849590E+01 -0.8849590E+01
  0.3547980E+01  0.8846784E+01 -0.8846784E+01
  0.3581071E+01  0.8844898E+01 -0.8844898E+01
  0.3614158E+01  0.8844147E+01 -0.8844147E+01
  0.3647240E+01  0.8844638E+01 -0.8844638E+01
  0.3680316E+01  0.8846369E+01 -0.8846369E+01
  0.3713385E+01  0.8849231E+01 -0.8849231E+01
  0.3746449E+01  0.8853025E+01 -0.8853025E+01
  0.3779507E+01  0.8857487E+01 -0.8857487E+01
  0.3812562E+01  0.8862308E+01 -0.8862308E+01
  0.3845614E+01  0.8867170E+01 -0.8867170E+01
  0.3878664E+01  0.8871770E+01 -0.8871770E+01
  0.3911716E+01  0.8875847E+01 -0.8875847E+01
  0.3944769E+01  0.8879196E+01 -0.8879196E+01
  0.3977826E+01  0.8881686E+01 -0.8881686E+01
  0.4010886E+01  0.8883257E+01 -0.8883257E+01
  0.4043950E+01  0.8883926E+01 -0.8883926E+01
  0.4077020E+01  0.8883771E+01 -0.8883771E+01
  0.4110093E+01  0.8882929E+01 -0.8882929E+01
  0.4143170E+01  0.8881574E+01 -0.8881574E+01
  0.4176250E+01  0.8879905E+01 -0.8879905E+01
  0.4209331E+01  0.8878129E+01 -0.8878129E+01
  0.4242414E+01  0.8876447E+01 -0.8876447E+01
  0.4275497E+01  0.8875035E+01 -0.8875035E+01
  0.4308579E+01  0.8874038E+01 -0.8874038E+01
  0.4341660E+01  0.8873557E+01 -0.8873557E+01
  0.4374738E+01  0.8873647E+01 -0.8873647E+01
  0.4407813E+01  0.8874311E+01 -0.8874311E+01
  0.4440885E+01  0.8875506E+01 -0.8875506E+01
  0.4473955E+01  0.8877149E+01 -0.8877149E+01
  0.4507022E+01  0.8879122E+01 -0.8879122E+01
  0.4540087E+01  0.8881290E+01 -0.8881290E+01
  0.4573151E+01  0.8883508E+01 -0.8883507E+01
  0.4606214E+01  0.8885633E+01 -0.8885633E+01
  0.4639277E+01  0.8887541E+01 -0.8887541E+01
  0.4672341E+01  0.8889131E+01 -0.8889131E+01
  0.4705407E+01  0.8890330E+01 -0.8890330E+01
  0.4738474E+01  0.8891102E+01 -0.8891102E+01
  0.4771543E+01  0.8891447E+01 -0.8891447E+01
  0.4804614E+01  0.8891394E+01 -0.8891394E+01
  0.4837688E+01  0.8891004E+01 -0.8891004E+01
  0.4870763E+01  0.8890355E+01 -0.8890355E+01
  0.4903839E+01  0.8889543E+01 -0.8889543E+01
  0.4936917E+01  0.8888667E+01 -0.8888667E+01
  0.4969995E+01  0.8887825E+01 -0.8887825E+01
  0.5003073E+01  0.8887103E+01 -0.8887103E+01
  0.5036151E+01  0.8886574E+01 -0.8886574E+01
  0.5069228E+01  0.8886288E+01 -0.8886288E+01
  0.5102303E+01  0.8886273E+01 -0.8886273E+01
  0.5135378E+01  0.8886533E+01 -0.8886533E+01
  0.5168451E+01  0.8887049E+01 -0.8887049E+01
  0.5201523E+01  0.8887781E+01 -0.8887781E+01
  0.5234594E+01  0.8888676E+01 -0.8888676E+01
  0.5267663E+01  0.8889669E+01 -0.8889669E+01
  0.5300733E+01  0.8890693E+01 -0.8890693E+01
  0.5333801E+01  0.8891680E+01 -0.8891680E+01
  0.5366870E+01  0.8892571E+01 -0.8892571E+01
  0.5399939E+01  0.8893316E+01 -0.8893316E+01
  0.5433009E+01  0.8893881E+01 -0.8893881E+01
  0.5466079E+01  0.8894247E+01 -0.8894247E+01
  0.5499151E+01  0.8894412E+01 -0.8894412E+01
  0.5532223E+01  0.8894388E+01 -0.8894388E+01
  0.5565297E+01  0.8894203E+01 -0.8894203E+01
  0.5598371E+01  0.8893893E+01 -0.8893893E+01
  0.5631446E+01  0.8893501E+01 -0.8893501E+01
  0.5664521E+01  0.8893076E+01 -0.8893076E+01
  0.5697597E+01  0.8892662E+01 -0.8892662E+01
  0.5730673E+01  0.8892302E+01 -0.8892302E+01
  0.5763748E+01  0.8892031E+01 -0.8892031E+01
  0.5796823E+01  0.8891872E+01 -0.8891872E+01
  0.5829898E+01  0.8891841E+01 -0.8891841E+01
  0.5862972E+01  0.8891940E+01 -0.8891940E+01
  0.5896046E+01  0.8892161E+01 -0.8892161E+01
  0.5929119E+01  0.8892487E+01 -0.8892487E+01
  0.5962191E+01  0.8892893E+01 -0.8892893E+01
  0.5995263E+01  0.8893349E+01 -0.8893349E+01
  0.6028334E+01  0.8893823E+01 -0.8893823E+01
  0.6061406E+01  0.8894282E+01 -0.8894282E+01
  0.6094477E+01  0.8894699E+01 -0.8894699E+01
  0.6127548E+01  0.8895050E+01 -0.8895050E+01
  0.6160620E+01  0.8895317E+01 -0.8895317E+01
  0.6193692E+01  0.8895490E+01 -0.8895490E+01
  0.6226765E+01  0.8895569E+01 -0.8895569E+01
  0.6259838E+01  0.8895558E+01 -0.8895558E+01
  0.6292911E+01  0.8895469E+01 -0.8895469E+01
  0.6325985E+01  0.8895320E+01 -0.8895320E+01
  0.6359059E+01  0.8895131E+01 -0.8895131E+01
  0.6392134E+01  0.8894924E+01 -0.8894924E+01
  0.6425208E+01  0.8894722E+01 -0.8894722E+01
  0.6458283E+01  0.8894544E+01 -0.8894544E+01
  0.6491357E+01  0.8894406E+01 -0.8894406E+01
  0.6524432E+01  0.8894322E+01 -0.8894322E+01
  0.6557506E+01  0.8894297E+01 -0.8894297E+01
  0.6590580E+01  0.8894334E+01 -0.8894334E+01
  0.6623653E+01  0.8894430E+01 -0.8894430E+01
  0.6656726E+01  0.8894575E+01 -0.8894575E+01
  0.6689799E+01  0.8894760E+01 -0.8894760E+01
  0.6722872E+01  0.8894970E+01 -0.8894970E+01
  0.6755945E+01  0.8895189E+01 -0.8895189E+01
  0.6789017E+01  0.8895403E+01 -0.8895403E+01
  0.6822090E+01  0.8895598E+01 -0.8895598E+01
  0.6855162E+01  0.8895763E+01 -0.8895763E+01
  0.6888235E+01  0.8895889E+01 -0.8895889E+01
  0.6921308E+01  0.8895971E+01 -0.8895971E+01
  0.6954381E+01  0.8896008E+01 -0.8896008E+01
  0.6987454E+01  0.8896003E+01 -0.8896003E+01
  0.7020528E+01  0.8895961E+01 -0.8895961E+01
  0.7053601E+01  0.8895890E+01 -0.8895890E+01
  0.7086675E+01  0.8895799E+01 -0.8895799E+01
  0.7119749E+01  0.8895699E+01 -0.8895699E+01
  0.7152823E+01  0.8895601E+01 -0.8895601E+01
  0.7185897E+01  0.8895513E+01 -0.8895513E+01
  0.7218971E+01  0.8895444E+01 -0.8895444E+01
  0.7252045E+01  0.8895399E+01 -0.8895399E+01
  0.7285119E+01  0.8895383E+01 -0.8895383E+01
  0.7318193E+01  0.8895397E+01 -0.8895397E+01
  0.7351266E+01  0.8895438E+01 -0.8895438E+01
  0.7384339E+01  0.8895503E+01 -0.8895503E+01
  0.7417413E+01  0.8895587E+01 -0.8895587E+01
  0.7450486E+01  0.8895684E+01 -0.8895684E+01
  0.7483559E+01  0.8895785E+01 -0.8895785E+01
  0.7516632E+01  0.8895885E+01 -0.8895885E+01
  0.7549705E+01  0.8895977E+01 -0.8895977E+01
  0.7582778E+01  0.8896054E+01 -0.8896054E+01
  0.7615851E+01  0.8896113E+01 -0.8896113E+01
  0.7648925E+01  0.8896153E+01 -0.8896153E+01
  0.7681998E+01  0.8896170E+01 -0.8896170E+01
  0.7715071E+01  0.8896168E+01 -0.8896168E+01
  0.7748145E+01  0.8896148E+01 -0.8896148E+01
  0.7781218E+01  0.8896114E+01 -0.8896114E+01
  0.7814292E+01  0.8896071E+01 -0.8896071E+01
  0.7847366E+01  0.8896023E+01 -0.8896023E+01
  0.7880439E+01  0.8895975E+01 -0.8895975E+01
  0.7913513E+01  0.8895932E+01 -0.8895932E+01
  0.7946587E+01  0.8895897E+01 -0.8895897E+01
  0.7979661E+01  0.8895875E+01 -0.8895875E+01
  0.8012734E+01  0.8895865E+01 -0.8895865E+01
  0.8045808E+01  0.8895869E+01 -0.8895869E+01
  0.8078882E+01  0.8895887E+01 -0.8895887E+01
  0.8111955E+01  0.8895916E+01 -0.8895916E+01
  0.8145028E+01  0.8895955E+01 -0.8895955E+01
  0.8178102E+01  0.8895999E+01 -0.8895999E+01
  0.8211175E+01  0.8896046E+01 -0.8896046E+01
  0.8244248E+01  0.8896093E+01 -0.8896093E+01
  0.8277322E+01  0.8896136E+01 -0.8896136E+01
  0.8310395E+01  0.8896172E+01 -0.8896172E+01
  0.8343468E+01  0.8896200E+01 -0.8896200E+01
  0.8376542E+01  0.8896219E+01 -0.8896219E+01
  0.8409615E+01  0.8896228E+01 -0.8896228E+01
  0.8442689E+01  0.8896227E+01 -0.8896227E+01
  0.8475762E+01  0.8896217E+01 -0.8896217E+01
  0.8508836E+01  0.8896201E+01 -0.8896201E+01
  0.8541909E+01  0.8896180E+01 -0.8896180E+01
  0.8574983E+01  0.8896157E+01 -0.8896157E+01
  0.8608057E+01  0.8896134E+01 -0.8896134E+01
  0.8641130E+01  0.8896113E+01 -0.8896113E+01
  0.8674204E+01  0.8896096E+01 -0.8896096E+01
  0.8707278E+01  0.8896084E+01 -0.8896084E+01
  0.8740351E+01  0.8896079E+01 -0.8896079E+01
  0.8773425E+01  0.8896080E+01 -0.8896080E+01
  0.8806498E+01  0.8896088E+01 -0.8896088E+01
  0.8839572E+01  0.8896101E+01 -0.8896101E+01
  0.8872645E+01  0.8896118E+01 -0.8896118E+01
  0.8905719E+01  0.8896139E+01 -0.8896139E+01
  0.8938792E+01  0.8896161E+01 -0.8896161E+01
  0.8971866E+01  0.8896182E+01 -0.8896182E+01
  0.9004939E+01  0.8896203E+01 -0.8896203E+01
  0.9038012E+01  0.8896220E+01 -0.8896220E+01
  0.9071086E+01  0.8896233E+01 -0.8896233E+01
  0.9104159E+01  0.8896242E+01 -0.8896242E+01
  0.9137233E+01  0.8896246E+01 -0.8896246E+01
  0.9170306E+01  0.8896246E+01 -0.8896246E+01
  0.9203380E+01  0.8896241E+01 -0.8896241E+01
  0.9236453E+01  0.8896234E+01 -0.8896234E+01
  0.9269527E+01  0.8896224E+01 -0.8896224E+01
  0.9302600E+01  0.8896213E+01 -0.8896213E+01
  0.9335674E+01  0.8896202E+01 -0.8896202E+01
  0.9368748E+01  0.8896191E+01 -0.8896191E+01
  0.9401821E+01  0.8896183E+01 -0.8896183E+01
  0.9434895E+01  0.8896177E+01 -0.8896177E+01
  0.9467968E+01  0.8896174E+01 -0.8896174E+01
  0.9501042E+01  0.8896174E+01 -0.8896174E+01
  0.9534115E+01  0.8896178E+01 -0.8896178E+01
  0.9567189E+01  0.8896183E+01 -0.8896183E+01
  0.9600262E+01  0.8896191E+01 -0.8896191E+01
  0.9633336E+01  0.8896201E+01 -0.8896201E+01
  0.9666409E+01  0.8896211E+01 -0.8896211E+01
  0.9699483E+01  0.8896221E+01 -0.8896221E+01
  0.9732556E+01  0.8896231E+01 -0.8896231E+01
  0.9765630E+01  0.8896239E+01 -0.8896239E+01
  0.9798703E+01  0.8896245E+01 -0.8896245E+01
  0.9831777E+01  0.8896249E+01 -0.8896249E+01
  0.9864850E+01  0.8896251E+01 -0.8896251E+01
  0.9897924E+01  0.8896251E+01 -0.8896251E+01
  0.9930997E+01  0.8896249E+01 -0.8896249E+01
  0.9964071E+01  0.8896246E+01 -0.8896246E+01
  0.9997144E+01  0.8896241E+01 -0.8896241E+01
