  0.1979909E-01  0.5000000E+00  0.5000000E+00  0.5001830E+00  0.3170650E-06  0.2261935E-06  0.2197502E-01
  0.3949521E-01  0.5000000E+00  0.5000000E+00  0.5007923E+00  0.3292317E-06 -0.1118226E-05  0.4145259E-01
  0.5905884E-01  0.5000000E+00  0.5000000E+00  0.5017721E+00  0.4872019E-06 -0.1718039E-05  0.6003309E-01
  0.7854044E-01  0.5000000E+00  0.4999999E+00  0.5030990E+00  0.5466179E-06 -0.2001516E-05  0.7731204E-01
  0.9791413E-01  0.5000000E+00  0.4999999E+00  0.5047474E+00  0.5980575E-06 -0.1929064E-05  0.9369116E-01
  0.1171881E+00  0.5000000E+00  0.4999999E+00  0.5066972E+00  0.6208091E-06 -0.1754370E-05  0.1091972E+00
  0.1363750E+00  0.5000001E+00  0.4999998E+00  0.5089313E+00  0.6019530E-06 -0.1551971E-05  0.1239614E+00
  0.1554860E+00  0.5000001E+00  0.4999998E+00  0.5114349E+00  0.5849130E-06 -0.1354755E-05  0.1380408E+00
  0.1745298E+00  0.5000001E+00  0.4999998E+00  0.5141947E+00  0.5379648E-06 -0.1174368E-05  0.1514958E+00
  0.1935138E+00  0.5000001E+00  0.4999998E+00  0.5171983E+00  0.5018616E-06 -0.9940920E-06  0.1643638E+00
  0.2124109E+00  0.5000001E+00  0.4999997E+00  0.5204286E+00  0.4778946E-06 -0.8233643E-06  0.1766591E+00
  0.2312269E+00  0.5000001E+00  0.4999997E+00  0.5238740E+00  0.4734891E-06 -0.6434964E-06  0.1884027E+00
  0.2499657E+00  0.5000001E+00  0.4999997E+00  0.5275230E+00  0.4962242E-06 -0.4540329E-06  0.1996174E+00
  0.2686366E+00  0.5000001E+00  0.4999997E+00  0.5313662E+00  0.4901240E-06 -0.3121377E-06  0.2103239E+00
  0.2872371E+00  0.5000001E+00  0.4999997E+00  0.5353920E+00  0.4568914E-06 -0.2137592E-06  0.2205391E+00
  0.3057645E+00  0.5000001E+00  0.4999997E+00  0.5395891E+00  0.4124534E-06 -0.1315332E-06  0.2302820E+00
  0.3242258E+00  0.5000002E+00  0.4999997E+00  0.5439494E+00  0.3709292E-06 -0.5541726E-07  0.2395758E+00
  0.3426206E+00  0.5000002E+00  0.4999997E+00  0.5484637E+00  0.3357000E-06  0.1750498E-07  0.2484333E+00
  0.3609438E+00  0.5000002E+00  0.4999997E+00  0.5531219E+00  0.3085249E-06  0.8822518E-07  0.2568573E+00
  0.3791998E+00  0.5000002E+00  0.4999997E+00  0.5579165E+00  0.2895732E-06  0.1592572E-06  0.2648501E+00
  0.3973907E+00  0.5000002E+00  0.4999997E+00  0.5628386E+00  0.2807662E-06  0.2327652E-06  0.2724134E+00
  0.4155160E+00  0.5000002E+00  0.4999997E+00  0.5678784E+00  0.2822933E-06  0.3080864E-06  0.2795568E+00
  0.4335806E+00  0.5000002E+00  0.4999997E+00  0.5730282E+00  0.2922853E-06  0.3824954E-06  0.2863011E+00
  0.4515900E+00  0.5000002E+00  0.4999997E+00  0.5782819E+00  0.3085454E-06  0.4538689E-06  0.2926675E+00
  0.4695456E+00  0.5000002E+00  0.4999997E+00  0.5836337E+00  0.3226583E-06  0.5160238E-06  0.2986646E+00
  0.4874474E+00  0.5000002E+00  0.4999997E+00  0.5890772E+00  0.3311585E-06  0.5668825E-06  0.3042887E+00
  0.5053011E+00  0.5000002E+00  0.4999998E+00  0.5946056E+00  0.3335963E-06  0.6068047E-06  0.3095392E+00
  0.5231132E+00  0.5000002E+00  0.4999998E+00  0.6002124E+00  0.3299236E-06  0.6359546E-06  0.3144284E+00
  0.5408798E+00  0.5000002E+00  0.4999998E+00  0.6058895E+00  0.3234464E-06  0.6577247E-06  0.3189757E+00
  0.5586057E+00  0.5000002E+00  0.4999998E+00  0.6116333E+00  0.3159619E-06  0.6744417E-06  0.3231975E+00
  0.5762975E+00  0.5000002E+00  0.4999998E+00  0.6174405E+00  0.3072769E-06  0.6865197E-06  0.3270990E+00
  0.5939564E+00  0.5000002E+00  0.4999998E+00  0.6233046E+00  0.2967952E-06  0.6940966E-06  0.3306820E+00
  0.6115815E+00  0.5000002E+00  0.4999998E+00  0.6292193E+00  0.2842977E-06  0.6972251E-06  0.3339549E+00
  0.6291795E+00  0.5000002E+00  0.4999998E+00  0.6351817E+00  0.2700887E-06  0.6966650E-06  0.3369331E+00
  0.6467579E+00  0.5000003E+00  0.4999998E+00  0.6411885E+00  0.2543984E-06  0.6928977E-06  0.3396345E+00
  0.6643090E+00  0.5000003E+00  0.4999999E+00  0.6472310E+00  0.2378808E-06  0.6868243E-06  0.3420783E+00
  0.6818392E+00  0.5000003E+00  0.4999999E+00  0.6533079E+00  0.2209621E-06  0.6790558E-06  0.3442818E+00
  0.6993559E+00  0.5000003E+00  0.4999999E+00  0.6594195E+00  0.2035671E-06  0.6695490E-06  0.3462504E+00
  0.7168588E+00  0.5000003E+00  0.4999999E+00  0.6655610E+00  0.1857507E-06  0.6581825E-06  0.3479851E+00
  0.7343457E+00  0.5000003E+00  0.4999999E+00  0.6717245E+00  0.1672437E-06  0.6454943E-06  0.3495019E+00
  0.7518239E+00  0.5000003E+00  0.4999999E+00  0.6779087E+00  0.1490179E-06  0.6320579E-06  0.3508315E+00
  0.7693009E+00  0.5000003E+00  0.4999999E+00  0.6841163E+00  0.1319836E-06  0.6181017E-06  0.3519944E+00
  0.7867675E+00  0.5000003E+00  0.4999999E+00  0.6903414E+00  0.1157059E-06  0.6035011E-06  0.3529922E+00
  0.8042286E+00  0.5000003E+00  0.5000000E+00  0.6965805E+00  0.9944159E-07  0.5876566E-06  0.3538271E+00
  0.8216917E+00  0.5000003E+00  0.5000000E+00  0.7028335E+00  0.8374798E-07  0.5706693E-06  0.3545117E+00
  0.8391584E+00  0.5000003E+00  0.5000000E+00  0.7091002E+00  0.6916235E-07  0.5530276E-06  0.3550628E+00
  0.8566217E+00  0.5000003E+00  0.5000000E+00  0.7153751E+00  0.5557436E-07  0.5351399E-06  0.3554968E+00
  0.8740888E+00  0.5000003E+00  0.5000000E+00  0.7216565E+00  0.4270140E-07  0.5165915E-06  0.3558293E+00
  0.8915668E+00  0.5000003E+00  0.5000000E+00  0.7279475E+00  0.3019515E-07  0.4967281E-06  0.3560672E+00
  0.9090492E+00  0.5000003E+00  0.5000000E+00  0.7342470E+00  0.1842544E-07  0.4761837E-06  0.3562063E+00
  0.9265354E+00  0.5000003E+00  0.5000000E+00  0.7405507E+00  0.7535544E-08  0.4555458E-06  0.3562485E+00
  0.9440323E+00  0.5000003E+00  0.5000000E+00  0.7468555E+00 -0.2348311E-08  0.4346298E-06  0.3562139E+00
  0.9615426E+00  0.5000003E+00  0.5000000E+00  0.7531629E+00 -0.1167366E-07  0.4130761E-06  0.3561247E+00
  0.9790615E+00  0.5000003E+00  0.5000000E+00  0.7594748E+00 -0.2097333E-07  0.3909158E-06  0.3559833E+00
  0.9965821E+00  0.5000003E+00  0.5000000E+00  0.7657871E+00 -0.2978679E-07  0.3687132E-06  0.3557796E+00
  0.1014111E+01  0.5000003E+00  0.5000001E+00  0.7720969E+00 -0.3758543E-07  0.3466298E-06  0.3555141E+00
  0.1031651E+01  0.5000003E+00  0.5000001E+00  0.7784032E+00 -0.4463930E-07  0.3245909E-06  0.3552011E+00
  0.1049198E+01  0.5000003E+00  0.5000001E+00  0.7847083E+00 -0.5126304E-07  0.3026149E-06  0.3548545E+00
  0.1066741E+01  0.5000003E+00  0.5000001E+00  0.7910083E+00 -0.5767184E-07  0.2807298E-06  0.3544796E+00
  0.1084292E+01  0.5000003E+00  0.5000001E+00  0.7973034E+00 -0.6354258E-07  0.2592465E-06  0.3540756E+00
  0.1101855E+01  0.5000003E+00  0.5000001E+00  0.8035943E+00 -0.6882299E-07  0.2381778E-06  0.3536406E+00
  0.1119420E+01  0.5000003E+00  0.5000001E+00  0.8098793E+00 -0.7348883E-07  0.2177408E-06  0.3531744E+00
  0.1136986E+01  0.5000003E+00  0.5000001E+00  0.8161586E+00 -0.7775012E-07  0.1979383E-06  0.3526835E+00
  0.1154562E+01  0.5000003E+00  0.5000001E+00  0.8224320E+00 -0.8187218E-07  0.1785631E-06  0.3521814E+00
  0.1172150E+01  0.5000003E+00  0.5000001E+00  0.8286990E+00 -0.8553562E-07  0.1599136E-06  0.3516762E+00
  0.1189736E+01  0.5000003E+00  0.5000001E+00  0.8349566E+00 -0.8873300E-07  0.1421266E-06  0.3511629E+00
  0.1207328E+01  0.5000003E+00  0.5000001E+00  0.8412108E+00 -0.9164554E-07  0.1251457E-06  0.3506306E+00
  0.1224928E+01  0.5000003E+00  0.5000001E+00  0.8474595E+00 -0.9435219E-07  0.1089469E-06  0.3500813E+00
  0.1242539E+01  0.5000003E+00  0.5000001E+00  0.8537000E+00 -0.9697648E-07  0.9337565E-07  0.3495320E+00
  0.1260151E+01  0.5000003E+00  0.5000001E+00  0.8599292E+00 -0.9918454E-07  0.7880184E-07  0.3489966E+00
  0.1277768E+01  0.5000003E+00  0.5000001E+00  0.8661525E+00 -0.1010207E-06  0.6525700E-07  0.3484696E+00
  0.1295385E+01  0.5000003E+00  0.5000001E+00  0.8723701E+00 -0.1028399E-06  0.5239532E-07  0.3479367E+00
  0.1313015E+01  0.5000003E+00  0.5000001E+00  0.8785837E+00 -0.1045963E-06  0.4019701E-07  0.3473947E+00
  0.1330657E+01  0.5000003E+00  0.5000001E+00  0.8847893E+00 -0.1061989E-06  0.2877606E-07  0.3468583E+00
  0.1348299E+01  0.5000003E+00  0.5000001E+00  0.8909831E+00 -0.1074240E-06  0.1840210E-07  0.3463441E+00
  0.1365938E+01  0.5000003E+00  0.5000001E+00  0.8971691E+00 -0.1083970E-06  0.8920995E-08  0.3458508E+00
  0.1383588E+01  0.5000003E+00  0.5000001E+00  0.9033536E+00 -0.1094896E-06 -0.1156215E-09  0.3453636E+00
  0.1401252E+01  0.5000002E+00  0.5000001E+00  0.9095352E+00 -0.1105999E-06 -0.8599656E-08  0.3448744E+00
  0.1418920E+01  0.5000002E+00  0.5000001E+00  0.9157072E+00 -0.1115834E-06 -0.1631849E-07  0.3443934E+00
  0.1436585E+01  0.5000002E+00  0.5000001E+00  0.9218679E+00 -0.1122638E-06 -0.2311338E-07  0.3439367E+00
  0.1454256E+01  0.5000002E+00  0.5000001E+00  0.9280240E+00 -0.1127830E-06 -0.2926336E-07  0.3435078E+00
  0.1471944E+01  0.5000002E+00  0.5000001E+00  0.9341815E+00 -0.1134653E-06 -0.3516697E-07  0.3430948E+00
  0.1489633E+01  0.5000002E+00  0.5000001E+00  0.9403334E+00 -0.1141799E-06 -0.4059970E-07  0.3426864E+00
  0.1507327E+01  0.5000002E+00  0.5000001E+00  0.9464778E+00 -0.1148481E-06 -0.4538622E-07  0.3422861E+00
  0.1525021E+01  0.5000002E+00  0.5000001E+00  0.9526132E+00 -0.1153013E-06 -0.4941197E-07  0.3419086E+00
  0.1542725E+01  0.5000002E+00  0.5000001E+00  0.9587464E+00 -0.1155997E-06 -0.5305383E-07  0.3415614E+00
  0.1560438E+01  0.5000002E+00  0.5000001E+00  0.9648793E+00 -0.1160528E-06 -0.5658410E-07  0.3412366E+00
  0.1578156E+01  0.5000002E+00  0.5000001E+00  0.9710093E+00 -0.1165467E-06 -0.5971750E-07  0.3409210E+00
  0.1595874E+01  0.5000002E+00  0.5000001E+00  0.9771329E+00 -0.1170791E-06 -0.6235904E-07  0.3406129E+00
  0.1613596E+01  0.5000002E+00  0.5000001E+00  0.9832503E+00 -0.1173917E-06 -0.6446185E-07  0.3403241E+00
  0.1631330E+01  0.5000002E+00  0.5000001E+00  0.9893670E+00 -0.1175789E-06 -0.6634501E-07  0.3400644E+00
  0.1649066E+01  0.5000002E+00  0.5000001E+00  0.9954824E+00 -0.1179096E-06 -0.6819380E-07  0.3398300E+00
  0.1666809E+01  0.5000002E+00  0.5000001E+00  0.1001597E+01 -0.1182895E-06 -0.6969683E-07  0.3396078E+00
  0.1684551E+01  0.5000002E+00  0.5000001E+00  0.1007707E+01 -0.1187504E-06 -0.7083385E-07  0.3393923E+00
  0.1702297E+01  0.5000002E+00  0.5000001E+00  0.1013813E+01 -0.1189973E-06 -0.7159889E-07  0.3391920E+00
  0.1720055E+01  0.5000002E+00  0.5000001E+00  0.1019920E+01 -0.1191114E-06 -0.7225575E-07  0.3390173E+00
  0.1737812E+01  0.5000002E+00  0.5000001E+00  0.1026024E+01 -0.1193301E-06 -0.7292296E-07  0.3388676E+00
  0.1755575E+01  0.5000002E+00  0.5000001E+00  0.1032130E+01 -0.1195940E-06 -0.7329545E-07  0.3387315E+00
  0.1773336E+01  0.5000002E+00  0.5000001E+00  0.1038233E+01 -0.1199488E-06 -0.7343009E-07  0.3386015E+00
  0.1791101E+01  0.5000002E+00  0.5000001E+00  0.1044333E+01 -0.1200865E-06 -0.7332063E-07  0.3384825E+00
  0.1808876E+01  0.5000002E+00  0.5000001E+00  0.1050434E+01 -0.1200878E-06 -0.7317375E-07  0.3383843E+00
  0.1826650E+01  0.5000002E+00  0.5000001E+00  0.1056534E+01 -0.1201527E-06 -0.7305946E-07  0.3383089E+00
  0.1844428E+01  0.5000002E+00  0.5000001E+00  0.1062636E+01 -0.1202608E-06 -0.7270472E-07  0.3382472E+00
  0.1862204E+01  0.5000002E+00  0.5000001E+00  0.1068736E+01 -0.1204487E-06 -0.7219977E-07  0.3381908E+00
  0.1879984E+01  0.5000002E+00  0.5000001E+00  0.1074835E+01 -0.1204322E-06 -0.7155126E-07  0.3381417E+00
  0.1897772E+01  0.5000002E+00  0.5000001E+00  0.1080936E+01 -0.1202603E-06 -0.7090149E-07  0.3381083E+00
  0.1915559E+01  0.5000002E+00  0.5000001E+00  0.1087036E+01 -0.1201300E-06 -0.7030093E-07  0.3380942E+00
  0.1933349E+01  0.5000002E+00  0.5000001E+00  0.1093139E+01 -0.1200581E-06 -0.6951551E-07  0.3380930E+00
  0.1951136E+01  0.5000002E+00  0.5000001E+00  0.1099241E+01 -0.1200573E-06 -0.6864698E-07  0.3380963E+00
  0.1968926E+01  0.5000002E+00  0.5000001E+00  0.1105344E+01 -0.1198651E-06 -0.6769586E-07  0.3381036E+00
  0.1986724E+01  0.5000002E+00  0.5000001E+00  0.1111448E+01 -0.1195073E-06 -0.6676136E-07  0.3381217E+00
  0.2004521E+01  0.5000002E+00  0.5000001E+00  0.1117553E+01 -0.1191889E-06 -0.6589325E-07  0.3381552E+00
  0.2022319E+01  0.5000002E+00  0.5000001E+00  0.1123660E+01 -0.1189391E-06 -0.6489281E-07  0.3382001E+00
  0.2040114E+01  0.5000002E+00  0.5000001E+00  0.1129767E+01 -0.1187683E-06 -0.6386193E-07  0.3382487E+00
  0.2057911E+01  0.5000002E+00  0.5000001E+00  0.1135876E+01 -0.1184148E-06 -0.6278503E-07  0.3382983E+00
  0.2075717E+01  0.5000002E+00  0.5000001E+00  0.1141987E+01 -0.1178880E-06 -0.6172484E-07  0.3383544E+00
  0.2093520E+01  0.5000002E+00  0.5000001E+00  0.1148099E+01 -0.1173907E-06 -0.6073671E-07  0.3384222E+00
  0.2111324E+01  0.5000002E+00  0.5000001E+00  0.1154213E+01 -0.1169620E-06 -0.5965832E-07  0.3384995E+00
  0.2129123E+01  0.5000002E+00  0.5000001E+00  0.1160328E+01 -0.1166221E-06 -0.5859730E-07  0.3385795E+00
  0.2146925E+01  0.5000002E+00  0.5000001E+00  0.1166445E+01 -0.1161460E-06 -0.5751725E-07  0.3386582E+00
  0.2164735E+01  0.5000002E+00  0.5000001E+00  0.1172565E+01 -0.1154986E-06 -0.5645373E-07  0.3387395E+00
  0.2182542E+01  0.5000002E+00  0.5000001E+00  0.1178685E+01 -0.1146359E-06 -0.5546430E-07  0.3388290E+00
  0.2200349E+01  0.5000002E+00  0.5000001E+00  0.1184808E+01 -0.1138567E-06 -0.5442131E-07  0.3389263E+00
  0.2218152E+01  0.5000001E+00  0.5000001E+00  0.1190932E+01 -0.1131883E-06 -0.5341269E-07  0.3390251E+00
  0.2235955E+01  0.5000001E+00  0.5000001E+00  0.1197058E+01 -0.1124209E-06 -0.5241169E-07  0.3391206E+00
  0.2253766E+01  0.5000001E+00  0.5000001E+00  0.1203187E+01 -0.1115191E-06 -0.5141007E-07  0.3392156E+00
  0.2271575E+01  0.5000001E+00  0.5000001E+00  0.1209316E+01 -0.1106925E-06 -0.5050008E-07  0.3393158E+00
  0.2289384E+01  0.5000001E+00  0.5000001E+00  0.1215449E+01 -0.1099580E-06 -0.4956491E-07  0.3394219E+00
  0.2307188E+01  0.5000001E+00  0.5000001E+00  0.1221582E+01 -0.1093343E-06 -0.4867451E-07  0.3395286E+00
  0.2324992E+01  0.5000001E+00  0.5000000E+00  0.1227718E+01 -0.1086438E-06 -0.4781330E-07  0.3396304E+00
  0.2342801E+01  0.5000001E+00  0.5000000E+00  0.1233856E+01 -0.1077891E-06 -0.4693690E-07  0.3397290E+00
  0.2360611E+01  0.5000001E+00  0.5000000E+00  0.1239995E+01 -0.1069586E-06 -0.4614633E-07  0.3398303E+00
  0.2378421E+01  0.5000001E+00  0.5000000E+00  0.1246137E+01 -0.1062018E-06 -0.4536145E-07  0.3399360E+00
  0.2396225E+01  0.5000001E+00  0.5000000E+00  0.1252280E+01 -0.1055467E-06 -0.4463472E-07  0.3400413E+00
  0.2414028E+01  0.5000001E+00  0.5000000E+00  0.1258424E+01 -0.1048405E-06 -0.4394969E-07  0.3401404E+00
  0.2431836E+01  0.5000001E+00  0.5000000E+00  0.1264571E+01 -0.1039694E-06 -0.4323919E-07  0.3402343E+00
  0.2449645E+01  0.5000001E+00  0.5000000E+00  0.1270719E+01 -0.1031106E-06 -0.4260997E-07  0.3403287E+00
  0.2467455E+01  0.5000001E+00  0.5000000E+00  0.1276870E+01 -0.1023184E-06 -0.4199932E-07  0.3404262E+00
  0.2485258E+01  0.5000001E+00  0.5000000E+00  0.1283022E+01 -0.1016196E-06 -0.4145172E-07  0.3405225E+00
  0.2503060E+01  0.5000001E+00  0.5000000E+00  0.1289174E+01 -0.1009033E-06 -0.4095863E-07  0.3406117E+00
  0.2520865E+01  0.5000001E+00  0.5000000E+00  0.1295329E+01 -0.1000322E-06 -0.4043080E-07  0.3406940E+00
  0.2538674E+01  0.5000001E+00  0.5000000E+00  0.1301485E+01 -0.9916763E-07 -0.3997892E-07  0.3407751E+00
  0.2556482E+01  0.5000001E+00  0.5000000E+00  0.1307643E+01 -0.9836832E-07 -0.3955750E-07  0.3408580E+00
  0.2574284E+01  0.5000001E+00  0.5000000E+00  0.1313802E+01 -0.9767092E-07 -0.3913339E-07  0.3409392E+00
  0.2592084E+01  0.5000001E+00  0.5000000E+00  0.1319962E+01 -0.9695034E-07 -0.3884340E-07  0.3410126E+00
  0.2609887E+01  0.5000001E+00  0.5000000E+00  0.1326123E+01 -0.9607782E-07 -0.3850074E-07  0.3410775E+00
  0.2627695E+01  0.5000001E+00  0.5000000E+00  0.1332285E+01 -0.9521189E-07 -0.3824952E-07  0.3411395E+00
  0.2645501E+01  0.5000001E+00  0.5000000E+00  0.1338449E+01 -0.9433118E-07 -0.3795322E-07  0.3412028E+00
  0.2663302E+01  0.5000001E+00  0.5000000E+00  0.1344613E+01 -0.9349737E-07 -0.3764966E-07  0.3412639E+00
  0.2681100E+01  0.5000001E+00  0.5000000E+00  0.1350778E+01 -0.9275055E-07 -0.3750661E-07  0.3413161E+00
  0.2698901E+01  0.5000001E+00  0.5000000E+00  0.1356943E+01 -0.9189914E-07 -0.3737421E-07  0.3413583E+00
  0.2716708E+01  0.5000001E+00  0.5000000E+00  0.1363110E+01 -0.9099999E-07 -0.3722222E-07  0.3413969E+00
  0.2734513E+01  0.5000001E+00  0.5000000E+00  0.1369278E+01 -0.9012909E-07 -0.3706930E-07  0.3414360E+00
  0.2752313E+01  0.5000001E+00  0.5000000E+00  0.1375445E+01 -0.8931991E-07 -0.3694582E-07  0.3414725E+00
  0.2770109E+01  0.5000001E+00  0.5000000E+00  0.1381613E+01 -0.8861033E-07 -0.3694290E-07  0.3414987E+00
  0.2787909E+01  0.5000001E+00  0.5000000E+00  0.1387781E+01 -0.8778368E-07 -0.3692649E-07  0.3415133E+00
  0.2805714E+01  0.5000001E+00  0.5000000E+00  0.1393950E+01 -0.8697200E-07 -0.3697591E-07  0.3415227E+00
  0.2823518E+01  0.5000001E+00  0.5000000E+00  0.1400119E+01 -0.8614632E-07 -0.3700145E-07  0.3415317E+00
  0.2841317E+01  0.5000001E+00  0.5000000E+00  0.1406288E+01 -0.8534312E-07 -0.3697876E-07  0.3415374E+00
  0.2859113E+01  0.5000001E+00  0.5000000E+00  0.1412456E+01 -0.8461339E-07 -0.3706207E-07  0.3415322E+00
  0.2876911E+01  0.5000001E+00  0.5000000E+00  0.1418624E+01 -0.8379944E-07 -0.3708367E-07  0.3415128E+00
  0.2894716E+01  0.5000001E+00  0.5000000E+00  0.1424793E+01 -0.8302255E-07 -0.3723973E-07  0.3414849E+00
  0.2912519E+01  0.5000001E+00  0.5000000E+00  0.1430961E+01 -0.8228906E-07 -0.3745228E-07  0.3414543E+00
  0.2930319E+01  0.5000001E+00  0.5000000E+00  0.1437128E+01 -0.8156961E-07 -0.3765739E-07  0.3414190E+00
  0.2948114E+01  0.5000001E+00  0.5000000E+00  0.1443293E+01 -0.8082767E-07 -0.3782916E-07  0.3413724E+00
  0.2965912E+01  0.5000001E+00  0.5000000E+00  0.1449458E+01 -0.7996020E-07 -0.3776529E-07  0.3413098E+00
  0.2983717E+01  0.5000001E+00  0.5000000E+00  0.1455623E+01 -0.7920062E-07 -0.3791375E-07  0.3412343E+00
  0.3001521E+01  0.5000001E+00  0.5000000E+00  0.1461785E+01 -0.7854030E-07 -0.3821815E-07  0.3411520E+00
